
> ai-law-agent-mvp@0.1.0 dev /Users/jeffnwagbo/AI Law Firm/constructa-starter-min-main
> next dev

  ▲ Next.js 14.2.15
  - Local:        http://localhost:3000
  - Environments: .env.local

 ✓ Starting...
 ✓ Ready in 973ms
 ○ Compiling / ...
The user aborted a request.

Retrying 1/3...
 ✓ Compiled / in 5s (504 modules)
 ⚠ Unsupported metadata viewport is configured in metadata export in /. Please move it to viewport export instead.
Read more: https://nextjs.org/docs/app/api-reference/functions/generate-viewport
 GET / 200 in 5288ms
 ✓ Compiled in 139ms (255 modules)
 ○ Compiling /auth ...
 ✓ Compiled /auth in 657ms (683 modules)
 ⚠ Unsupported metadata viewport is configured in metadata export in /auth. Please move it to viewport export instead.
Read more: https://nextjs.org/docs/app/api-reference/functions/generate-viewport
 GET /auth 200 in 813ms
 ✓ Compiled in 547ms (580 modules)
 ✓ Compiled /auth in 100ms (357 modules)
 GET /auth 200 in 220ms
[?25h
